
SQL*Loader: Release 19.0.0.0.0 - Production on Tue Jun 21 11:33:15 2022
Version 19.3.0.0.0

Copyright (c) 1982, 2019, Oracle and/or its affiliates.  All rights reserved.

Control File:   controlBanche.ctl
Data File:      banche.csv
  Bad File:     banche.bad
  Discard File:  none specified
 
 (Allow all discards)

Number to load: ALL
Number to skip: 0
Errors allowed: 50
Bind array:     250 rows, maximum of 1048576 bytes
Continuation:    none specified
Path used:      Conventional

Table BANCHE, loaded from every logical record.
Insert option in effect for this table: INSERT
TRAILING NULLCOLS option in effect

   Column Name                  Position   Len  Term Encl Datatype
------------------------------ ---------- ----- ---- ---- ---------------------
ID                                  FIRST     *   ,  O(") CHARACTER            
NOME                                 NEXT     *   ,  O(") CHARACTER            
SEDE                                 NEXT     *   ,  O(") CHARACTER            

Record 1: Rejected - Error on table BANCHE, column ID.
ORA-01722: invalid number


Table BANCHE:
  120 Rows successfully loaded.
  1 Row not loaded due to data errors.
  0 Rows not loaded because all WHEN clauses were failed.
  0 Rows not loaded because all fields were null.


Space allocated for bind array:                 193500 bytes(250 rows)
Read   buffer bytes: 1048576

Total logical records skipped:          0
Total logical records read:           121
Total logical records rejected:         1
Total logical records discarded:        0

Run began on Tue Jun 21 11:33:15 2022
Run ended on Tue Jun 21 11:33:26 2022

Elapsed time was:     00:00:10.86
CPU time was:         00:00:00.04
